2020-11-30 21:16:45.382843
----------------------------------
Song: Kamikaze
Artist: Eminem 
Album: Kamikaze
Type: track
----------------------------------

2020-11-30 21:16:55.975484
----------------------------------
Song: Kamikaze
Artist: Eminem 
Album: Kamikaze
Type: track
----------------------------------

2020-11-30 21:17:06.266965
----------------------------------
Song: Kamikaze
Artist: Eminem 
Album: Kamikaze
Type: track
----------------------------------

2020-11-30 21:17:16.490590
----------------------------------
Song: Kamikaze
Artist: Eminem 
Album: Kamikaze
Type: track
----------------------------------

2020-11-30 21:17:27.075128
----------------------------------
Song: Kamikaze
Artist: Eminem 
Album: Kamikaze
Type: track
----------------------------------

2020-11-30 21:17:37.293971
----------------------------------
Song: Kamikaze
Artist: Eminem 
Album: Kamikaze
Type: track
----------------------------------

2020-11-30 21:20:00.316564
----------------------------------
Song: Am I a Psycho? (feat. B.o.B. and Hopsin)
Artist: Tech N9ne 
Album: All 6's And 7's
Type: track
----------------------------------

2020-11-30 21:20:20.207521
----------------------------------
Song: Am I a Psycho? (feat. B.o.B. and Hopsin)
Artist: Tech N9ne 
Album: All 6's And 7's
Type: track
----------------------------------

2020-11-30 21:21:00.535862
----------------------------------
Song: Am I a Psycho? (feat. B.o.B. and Hopsin)
Artist: Tech N9ne 
Album: All 6's And 7's
Type: track
----------------------------------

2020-11-30 21:21:20.469586
----------------------------------
Song: Am I a Psycho? (feat. B.o.B. and Hopsin)
Artist: Tech N9ne 
Album: All 6's And 7's
Type: track
----------------------------------

2020-11-30 21:21:40.206738
----------------------------------
Song: Am I a Psycho? (feat. B.o.B. and Hopsin)
Artist: Tech N9ne 
Album: All 6's And 7's
Type: track
----------------------------------

2020-11-30 21:31:20.254707
----------------------------------
Song: Black and Yellow
Artist: Wiz Khalifa 
Album: Rolling Papers
Type: track
----------------------------------

2020-11-30 21:31:40.317369
----------------------------------
Song: Black and Yellow
Artist: Wiz Khalifa 
Album: Rolling Papers
Type: track
----------------------------------

2020-11-30 21:32:40.252335
----------------------------------
Song: Welcome 2 Detroit
Artist: Trick Trick Eminem 
Album: The People Vs.
Type: track
----------------------------------

2020-11-30 21:33:00.317779
----------------------------------
Song: Welcome 2 Detroit
Artist: Trick Trick Eminem 
Album: The People Vs.
Type: track
----------------------------------

2020-11-30 21:34:00.346064
----------------------------------
Song: Welcome 2 Detroit
Artist: Trick Trick Eminem 
Album: The People Vs.
Type: track
----------------------------------

2020-11-30 21:34:20.210849
----------------------------------
Song: Welcome 2 Detroit
Artist: Trick Trick Eminem 
Album: The People Vs.
Type: track
----------------------------------

2020-11-30 21:35:20.248600
----------------------------------
Song: Welcome 2 Detroit
Artist: Trick Trick Eminem 
Album: The People Vs.
Type: track
----------------------------------

2020-11-30 21:35:40.244074
----------------------------------
Song: Welcome 2 Detroit
Artist: Trick Trick Eminem 
Album: The People Vs.
Type: track
----------------------------------

2020-11-30 21:36:00.246895
----------------------------------
Song: Welcome 2 Detroit
Artist: Trick Trick Eminem 
Album: The People Vs.
Type: track
----------------------------------

2020-11-30 21:36:20.206287
----------------------------------
Song: Welcome 2 Detroit
Artist: Trick Trick Eminem 
Album: The People Vs.
Type: track
----------------------------------

2020-11-30 21:36:40.202222
----------------------------------
Song: Stronger
Artist: Kanye West 
Album: Graduation
Type: track
----------------------------------

2020-11-30 21:37:00.326471
----------------------------------
Song: Stronger
Artist: Kanye West 
Album: Graduation
Type: track
----------------------------------

2020-11-30 21:37:20.220852
----------------------------------
Song: Stronger
Artist: Kanye West 
Album: Graduation
Type: track
----------------------------------

2020-11-30 21:38:20.231352
----------------------------------
Song: Stronger
Artist: Kanye West 
Album: Graduation
Type: track
----------------------------------

2020-11-30 21:39:00.247857
----------------------------------
Song: Stronger
Artist: Kanye West 
Album: Graduation
Type: track
----------------------------------

2020-11-30 21:39:40.303538
----------------------------------
Song: Stronger
Artist: Kanye West 
Album: Graduation
Type: track
----------------------------------

2020-11-30 21:40:00.426749
----------------------------------
Song: Stronger
Artist: Kanye West 
Album: Graduation
Type: track
----------------------------------

2020-11-30 21:40:40.261185
----------------------------------
Song: Stronger
Artist: Kanye West 
Album: Graduation
Type: track
----------------------------------

2020-11-30 21:41:00.207168
----------------------------------
Song: Stronger
Artist: Kanye West 
Album: Graduation
Type: track
----------------------------------

2020-11-30 21:42:20.245389
----------------------------------
Song: We All Die One Day
Artist: Obie Trice 50 Cent Lloyd Banks Eminem 
Album: Cheers
Type: track
----------------------------------

2020-11-30 21:42:40.206582
----------------------------------
Song: We All Die One Day
Artist: Obie Trice 50 Cent Lloyd Banks Eminem 
Album: Cheers
Type: track
----------------------------------

2020-11-30 21:44:00.247789
----------------------------------
Song: We All Die One Day
Artist: Obie Trice 50 Cent Lloyd Banks Eminem 
Album: Cheers
Type: track
----------------------------------

2020-11-30 21:45:20.213794
----------------------------------
Song: Godzilla (feat. Juice WRLD)
Artist: Eminem Juice WRLD 
Album: Music To Be Murdered By
Type: track
----------------------------------

2020-11-30 22:14:20.424970
----------------------------------
Song: Friday Night Cypher (feat. Tee Grizzley, Kash Doll, Cash Kidd, Payroll, 42 Dugg, Boldy James, Drego, Sada Baby, Royce Da 5'9", and Eminem)
Artist: Big Sean Tee Grizzley Kash Doll Cash Kidd Payroll 42 Dugg Boldy James Drego Sada Baby Royce Da 5'9" Eminem 
Album: Detroit 2
Type: track
----------------------------------

2020-11-30 22:15:20.203653
----------------------------------
Song: Last Resort
Artist: Papa Roach 
Album: Infest
Type: track
----------------------------------

2020-11-30 22:51:21.529403
----------------------------------
Song: Another One Bites The Dust - Remastered 2011
Artist: Queen 
Album: The Game (2011 Remaster)
Type: track
----------------------------------

2020-11-30 22:51:38.480401
----------------------------------
Song: Ghostbusters
Artist: Ray Parker Jr. 
Album: Greatest Hits
Type: track
----------------------------------

2020-11-30 23:00:43.096055
----------------------------------
Song: Sexy And I Know It
Artist: LMFAO 
Album: Sorry For Party Rocking
Type: track
----------------------------------

2020-11-30 23:02:55.085408
----------------------------------
Song: Eye of the Tiger
Artist: Survivor 
Album: Eye Of The Tiger
Type: track
----------------------------------

2020-11-30 23:06:00.217348
----------------------------------
Song: Role Model
Artist: Eminem 
Album: The Slim Shady LP
Type: track
----------------------------------

2020-11-30 23:10:40.248882
----------------------------------
Added Drips to Database
----------------------------------

2020-11-30 23:10:40.257875
             Playing 
----------------------------------
Song: Drips
Artist: Eminem Obie Trice 
Album: The Eminem Show
Type: track
----------------------------------

2020-11-30 23:13:00.266830
----------------------------------
Added Drips to Database
----------------------------------

2020-11-30 23:13:20.214821
             Playing 
----------------------------------
Song: Drips
Artist: Eminem Obie Trice 
Album: The Eminem Show
Type: track
----------------------------------

2020-11-30 23:13:40.372013
----------------------------------
Added Drips to Database
----------------------------------

2020-11-30 23:14:00.331850
             Playing 
----------------------------------
Song: Music Box
Artist: Eminem 
Album: Relapse: Refill
Type: track
----------------------------------

2020-11-30 23:14:00.340842
----------------------------------
Added Music Box to Database
----------------------------------

2020-11-30 23:14:20.227249
             Playing 
----------------------------------
Song: Music Box
Artist: Eminem 
Album: Relapse: Refill
Type: track
----------------------------------

2020-11-30 23:14:20.237237
----------------------------------
Updated Music Box to 2 times listened in Database
----------------------------------

2020-11-30 23:14:40.277568
----------------------------------
Updated Music Box to 3 times listened in Database
----------------------------------

2020-11-30 23:14:40.284563
             Playing 
----------------------------------
Song: Music Box
Artist: Eminem 
Album: Relapse: Refill
Type: track
----------------------------------

2020-11-30 23:16:20.206460
             Playing 
----------------------------------
Song: Will
Artist: Joyner Lucas 
Album: Will
Type: track
----------------------------------

2020-11-30 23:16:20.222445
----------------------------------
Added Will to Database
----------------------------------

2020-11-30 23:16:40.237275
----------------------------------
Updated Will to 2 times listened in Database
----------------------------------

2020-11-30 23:16:40.243281
             Playing 
----------------------------------
Song: Will
Artist: Joyner Lucas 
Album: Will
Type: track
----------------------------------

2020-11-30 23:18:00.376657
----------------------------------
Added The Real Slim Shady to Database
----------------------------------

2020-11-30 23:18:00.384650
             Playing 
----------------------------------
Song: The Real Slim Shady
Artist: Eminem 
Album: The Marshall Mathers LP
Type: track
----------------------------------

2020-11-30 23:22:40.191317
----------------------------------
Added Hornstullsstrand to Database
----------------------------------

2020-11-30 23:22:40.198311
             Playing 
----------------------------------
Song: Hornstullsstrand
Artist: Hov1 Veronica Maggio 
Album: Vindar på Mars
Type: track
----------------------------------

2020-11-30 23:26:40.199584
----------------------------------
Added Ma chérie to Database
----------------------------------

2020-11-30 23:26:40.205590
             Playing 
----------------------------------
Song: Ma chérie
Artist: Hov1 
Album: Vindar på Mars
Type: track
----------------------------------

2020-11-30 23:32:00.257872
----------------------------------
Added Älskling to Database
----------------------------------

2020-11-30 23:32:00.267862
             Playing 
----------------------------------
Song: Älskling
Artist: Hov1 
Album: Vindar på Mars
Type: track
----------------------------------

2020-11-30 23:50:00.232140
----------------------------------
Added Almost Famous to Database
----------------------------------

2020-11-30 23:50:00.239133
             Playing 
----------------------------------
Song: Almost Famous
Artist: Eminem 
Album: Recovery
Type: track
----------------------------------

